
**************************************************
***Dell Get Dock Version started on 6/26/2019 at 18:26:42***
Command: C:\Windows\TEMP\invF23D_tmp\TBT_Dock_Firmware\GetDockVer32W.exe /o= ..\TB_Dock_Inv.xml

Dock Firmware Update is incompatible with your system.

Update utility is only compatible with systems running Dell BIOS.
Dell Get Dock Version
Final Error code:0
***Dell Get Dock Version finished at 6/26/2019 at 18:26:42***


**************************************************
***Dell Get Dock Version started on 6/27/2019 at 18:16:11***
Command: C:\Windows\TEMP\inv68BD_tmp\TBT_Dock_Firmware\GetDockVer32W.exe /o= ..\TB_Dock_Inv.xml

Dock Firmware Update is incompatible with your system.

Update utility is only compatible with systems running Dell BIOS.
Dell Get Dock Version
Final Error code:0
***Dell Get Dock Version finished at 6/27/2019 at 18:16:12***


**************************************************
***Dell Get Dock Version started on 6/27/2019 at 18:18:31***
Command: C:\Windows\TEMP\invA4F2_tmp\TBT_Dock_Firmware\GetDockVer32W.exe /o= ..\TB_Dock_Inv.xml

Dock Firmware Update is incompatible with your system.

Update utility is only compatible with systems running Dell BIOS.
Dell Get Dock Version
Final Error code:0
***Dell Get Dock Version finished at 6/27/2019 at 18:18:31***


**************************************************
***Dell Get Dock Version started on 6/27/2019 at 18:25:31***
Command: C:\Windows\TEMP\inv1206_tmp\TBT_Dock_Firmware\GetDockVer32W.exe /o= ..\TB_Dock_Inv.xml

Dock Firmware Update is incompatible with your system.

Update utility is only compatible with systems running Dell BIOS.
Dell Get Dock Version
Final Error code:0
***Dell Get Dock Version finished at 6/27/2019 at 18:25:31***


**************************************************
***Dell Get Dock Version started on 6/28/2019 at 18:34:28***
Command: C:\Windows\TEMP\invED69_tmp\TBT_Dock_Firmware\GetDockVer32W.exe /o= ..\TB_Dock_Inv.xml

Dock Firmware Update is incompatible with your system.

Update utility is only compatible with systems running Dell BIOS.
Dell Get Dock Version
Final Error code:0
***Dell Get Dock Version finished at 6/28/2019 at 18:34:28***


**************************************************
***Dell Get Dock Version started on 6/28/2019 at 18:34:50***
Command: C:\Windows\TEMP\inv400D_tmp_1\TBT_Dock_Firmware\GetDockVer32W.exe /o= ..\TB_Dock_Inv.xml

WSMT Supported: using WMI commands
Error: No dock attached
Error: No Dock found or cannot communicate to the Dock. Exit the program.

**************************************************
***Dell Get Dock Version started on 6/28/2019 at 18:38:25***
Command: C:\Windows\TEMP\inv1E6B_tmp\TBT_Dock_Firmware\GetDockVer32W.exe /o= ..\TB_Dock_Inv.xml

WSMT Supported: using WMI commands
Error: No dock attached
Error: No Dock found or cannot communicate to the Dock. Exit the program.

**************************************************
***Dell Get Dock Version started on 6/28/2019 at 18:39:23***
Command: C:\Windows\TEMP\inv466_tmp_1\TBT_Dock_Firmware\GetDockVer32W.exe /o= ..\TB_Dock_Inv.xml

WSMT Supported: using WMI commands
Error: No dock attached
Error: No Dock found or cannot communicate to the Dock. Exit the program.

**************************************************
***Dell Get Dock Version started on 6/28/2019 at 19:46:34***
Command: C:\Windows\TEMP\inv86CC_tmp_1\TBT_Dock_Firmware\GetDockVer32W.exe /o= ..\TB_Dock_Inv.xml

WSMT Supported: using WMI commands
Error: No dock attached
Error: No Dock found or cannot communicate to the Dock. Exit the program.

**************************************************
***Dell Get Dock Version started on 6/28/2019 at 20:07:18***
Command: C:\Windows\TEMP\inv8365_tmp\TBT_Dock_Firmware\GetDockVer32W.exe /o= ..\TB_Dock_Inv.xml

WSMT Supported: using WMI commands
Error: No dock attached
Error: No Dock found or cannot communicate to the Dock. Exit the program.

**************************************************
***Dell Get Dock Version started on 6/28/2019 at 21:29:09***
Command: C:\Windows\TEMP\inv4EBB_tmp_1\TBT_Dock_Firmware\GetDockVer32W.exe /o= ..\TB_Dock_Inv.xml

WSMT Supported: using WMI commands
Error: No dock attached
Error: No Dock found or cannot communicate to the Dock. Exit the program.

**************************************************
***Dell Get Dock Version started on 6/29/2019 at 13:27:21***
Command: C:\Windows\TEMP\invA0F8_tmp\TBT_Dock_Firmware\GetDockVer32W.exe /o= ..\TB_Dock_Inv.xml

WSMT Supported: using WMI commands
Error: No dock attached
Error: No Dock found or cannot communicate to the Dock. Exit the program.

**************************************************
***Dell Get Dock Version started on 6/29/2019 at 13:27:53***
Command: C:\Windows\TEMP\inv1EB4_tmp\TBT_Dock_Firmware\GetDockVer32W.exe /o= ..\TB_Dock_Inv.xml

WSMT Supported: using WMI commands
Error: No dock attached
Error: No Dock found or cannot communicate to the Dock. Exit the program.

**************************************************
***Dell Get Dock Version started on 6/29/2019 at 13:46:02***
Command: C:\Windows\TEMP\inv27AF_tmp\TBT_Dock_Firmware\GetDockVer32W.exe /o= ..\TB_Dock_Inv.xml

WSMT Supported: using WMI commands
Error: No dock attached
Error: No Dock found or cannot communicate to the Dock. Exit the program.

**************************************************
***Dell Get Dock Version started on 6/29/2019 at 13:47:20***
Command: C:\Windows\TEMP\inv5CF2_tmp\TBT_Dock_Firmware\GetDockVer32W.exe /o= ..\TB_Dock_Inv.xml

WSMT Supported: using WMI commands
Error: No dock attached
Error: No Dock found or cannot communicate to the Dock. Exit the program.

**************************************************
***Dell Get Dock Version started on 6/29/2019 at 13:55:29***
Command: C:\Windows\TEMP\invD03C_tmp_1\TBT_Dock_Firmware\GetDockVer32W.exe /o= ..\TB_Dock_Inv.xml

WSMT Supported: using WMI commands
Error: No dock attached
Error: No Dock found or cannot communicate to the Dock. Exit the program.

**************************************************
***Dell Get Dock Version started on 6/30/2019 at 13:31:12***
Command: C:\Windows\TEMP\inv7BE2_tmp_1\TBT_Dock_Firmware\GetDockVer32W.exe /o= ..\TB_Dock_Inv.xml

WSMT Supported: using WMI commands
Error: No dock attached
Error: No Dock found or cannot communicate to the Dock. Exit the program.

**************************************************
***Dell Get Dock Version started on 6/30/2019 at 13:31:43***
Command: C:\Windows\TEMP\invFE41_tmp\TBT_Dock_Firmware\GetDockVer32W.exe /o= ..\TB_Dock_Inv.xml

WSMT Supported: using WMI commands
Error: No dock attached
Error: No Dock found or cannot communicate to the Dock. Exit the program.

**************************************************
***Dell Get Dock Version started on 6/30/2019 at 13:33:52***
Command: C:\Windows\TEMP\invF270_tmp_1\TBT_Dock_Firmware\GetDockVer32W.exe /o= ..\TB_Dock_Inv.xml

WSMT Supported: using WMI commands
Error: No dock attached
Error: No Dock found or cannot communicate to the Dock. Exit the program.

**************************************************
***Dell Get Dock Version started on 6/30/2019 at 14:29:10***
Command: C:\Windows\TEMP\inv9554_tmp_1\TBT_Dock_Firmware\GetDockVer32W.exe /o= ..\TB_Dock_Inv.xml

WSMT Supported: using WMI commands
Error: No dock attached
Error: No Dock found or cannot communicate to the Dock. Exit the program.

**************************************************
***Dell Get Dock Version started on 7/1/2019 at 8:28:02***
Command: C:\Windows\TEMP\inv332A_tmp\TBT_Dock_Firmware\GetDockVer32W.exe /o= ..\TB_Dock_Inv.xml

WSMT Supported: using WMI commands
Error: No dock attached
Error: No Dock found or cannot communicate to the Dock. Exit the program.

**************************************************
***Dell Get Dock Version started on 7/1/2019 at 8:29:23***
Command: C:\Windows\TEMP\inv7F9F_tmp\TBT_Dock_Firmware\GetDockVer32W.exe /o= ..\TB_Dock_Inv.xml

WSMT Supported: using WMI commands
Error: No dock attached
Error: No Dock found or cannot communicate to the Dock. Exit the program.

**************************************************
***Dell Get Dock Version started on 7/3/2019 at 18:17:43***
Command: C:\Windows\TEMP\invD86A_tmp\TBT_Dock_Firmware\GetDockVer32W.exe /o= ..\TB_Dock_Inv.xml

WSMT Supported: using WMI commands
Error: No dock attached
Error: No Dock found or cannot communicate to the Dock. Exit the program.

**************************************************
***Dell Get Dock Version started on 7/3/2019 at 18:18:59***
Command: C:\Windows\TEMP\invFDDF_tmp\TBT_Dock_Firmware\GetDockVer32W.exe /o= ..\TB_Dock_Inv.xml

WSMT Supported: using WMI commands
Error: No dock attached
Error: No Dock found or cannot communicate to the Dock. Exit the program.

**************************************************
***Dell Get Dock Version started on 7/3/2019 at 18:51:51***
Command: C:\Windows\TEMP\inv2933_tmp_1\TBT_Dock_Firmware\GetDockVer32W.exe /o= ..\TB_Dock_Inv.xml

WSMT Supported: using WMI commands
Error: No dock attached
Error: No Dock found or cannot communicate to the Dock. Exit the program.

**************************************************
***Dell Get Dock Version started on 7/3/2019 at 18:53:13***
Command: C:\Windows\TEMP\inv6D3C_tmp\TBT_Dock_Firmware\GetDockVer32W.exe /o= ..\TB_Dock_Inv.xml

WSMT Supported: using WMI commands
Error: No dock attached
Error: No Dock found or cannot communicate to the Dock. Exit the program.

**************************************************
***Dell Get Dock Version started on 7/3/2019 at 19:01:03***
Command: C:\Windows\TEMP\inv8974_tmp\TBT_Dock_Firmware\GetDockVer32W.exe /o= ..\TB_Dock_Inv.xml

WSMT Supported: using WMI commands
Error: No dock attached
Error: No Dock found or cannot communicate to the Dock. Exit the program.

**************************************************
***Dell Get Dock Version started on 7/3/2019 at 19:01:42***
Command: C:\Windows\TEMP\inv28A2_tmp\TBT_Dock_Firmware\GetDockVer32W.exe /o= ..\TB_Dock_Inv.xml

WSMT Supported: using WMI commands
Error: No dock attached
Error: No Dock found or cannot communicate to the Dock. Exit the program.

**************************************************
***Dell Get Dock Version started on 7/3/2019 at 19:03:27***
Command: C:\Windows\TEMP\invC20F_tmp\TBT_Dock_Firmware\GetDockVer32W.exe /o= ..\TB_Dock_Inv.xml

WSMT Supported: using WMI commands
Error: No dock attached
Error: No Dock found or cannot communicate to the Dock. Exit the program.

**************************************************
***Dell Get Dock Version started on 7/6/2019 at 17:03:59***
Command: C:\Windows\TEMP\inv5757_tmp\TBT_Dock_Firmware\GetDockVer32W.exe /o= ..\TB_Dock_Inv.xml

WSMT Supported: using WMI commands
Error: No dock attached
Error: No Dock found or cannot communicate to the Dock. Exit the program.

**************************************************
***Dell Get Dock Version started on 7/6/2019 at 17:04:22***
Command: C:\Windows\TEMP\invBCC8_tmp\TBT_Dock_Firmware\GetDockVer32W.exe /o= ..\TB_Dock_Inv.xml

WSMT Supported: using WMI commands
Error: No dock attached
Error: No Dock found or cannot communicate to the Dock. Exit the program.

**************************************************
***Dell Get Dock Version started on 7/9/2019 at 11:09:19***
Command: C:\Windows\TEMP\invBDBA_tmp_1\TBT_Dock_Firmware\GetDockVer32W.exe /o= ..\TB_Dock_Inv.xml

WSMT Supported: using WMI commands
Error: No dock attached
Error: No Dock found or cannot communicate to the Dock. Exit the program.

**************************************************
***Dell Get Dock Version started on 7/9/2019 at 11:11:13***
Command: C:\Windows\TEMP\inv7E85_tmp\TBT_Dock_Firmware\GetDockVer32W.exe /o= ..\TB_Dock_Inv.xml

WSMT Supported: using WMI commands
Error: No dock attached
Error: No Dock found or cannot communicate to the Dock. Exit the program.

**************************************************
***Dell Get Dock Version started on 7/14/2019 at 8:47:21***
Command: C:\Windows\TEMP\inv2133_tmp\TBT_Dock_Firmware\GetDockVer32W.exe /o= ..\TB_Dock_Inv.xml

WSMT Supported: using WMI commands
Error: No dock attached
Error: No Dock found or cannot communicate to the Dock. Exit the program.

**************************************************
***Dell Get Dock Version started on 7/21/2019 at 8:56:01***
Command: C:\Windows\TEMP\invAEFB_tmp\TBT_Dock_Firmware\GetDockVer32W.exe /o= ..\TB_Dock_Inv.xml

WSMT Supported: using WMI commands
Error: No dock attached
Error: No Dock found or cannot communicate to the Dock. Exit the program.

**************************************************
***Dell Get Dock Version started on 7/21/2019 at 8:58:49***
Command: C:\Windows\TEMP\inv4E4E_tmp\TBT_Dock_Firmware\GetDockVer32W.exe /o= ..\TB_Dock_Inv.xml

WSMT Supported: using WMI commands
Error: No dock attached
Error: No Dock found or cannot communicate to the Dock. Exit the program.

**************************************************
***Dell Get Dock Version started on 7/21/2019 at 13:03:53***
Command: C:\Windows\TEMP\inv2775_tmp\TBT_Dock_Firmware\GetDockVer32W.exe /o= ..\TB_Dock_Inv.xml

WSMT Supported: using WMI commands
Error: No dock attached
Error: No Dock found or cannot communicate to the Dock. Exit the program.

**************************************************
***Dell Get Dock Version started on 7/28/2019 at 21:42:34***
Command: C:\Windows\TEMP\inv7EA2_tmp\TBT_Dock_Firmware\GetDockVer32W.exe /o= ..\TB_Dock_Inv.xml

WSMT Supported: using WMI commands
Error: No dock attached
Error: No Dock found or cannot communicate to the Dock. Exit the program.

**************************************************
***Dell Get Dock Version started on 7/28/2019 at 21:46:10***
Command: C:\Windows\TEMP\inv87DB_tmp\TBT_Dock_Firmware\GetDockVer32W.exe /o= ..\TB_Dock_Inv.xml

WSMT Supported: using WMI commands
Error: No dock attached
Error: No Dock found or cannot communicate to the Dock. Exit the program.

**************************************************
***Dell Get Dock Version started on 8/9/2019 at 19:45:01***
Command: C:\Windows\TEMP\inv4A67_tmp\TBT_Dock_Firmware\GetDockVer32W.exe /o= ..\TB_Dock_Inv.xml

WSMT Supported: using WMI commands
Error: No dock attached
Error: No Dock found or cannot communicate to the Dock. Exit the program.

**************************************************
***Dell Get Dock Version started on 8/9/2019 at 20:01:23***
Command: C:\Windows\TEMP\inv6374_tmp\TBT_Dock_Firmware\GetDockVer32W.exe /o= ..\TB_Dock_Inv.xml

WSMT Supported: using WMI commands
Error: No dock attached
Error: No Dock found or cannot communicate to the Dock. Exit the program.

**************************************************
***Dell Get Dock Version started on 8/10/2019 at 12:01:41***
Command: C:\Windows\TEMP\inv77E3_tmp\TBT_Dock_Firmware\GetDockVer32W.exe /o= ..\TB_Dock_Inv.xml

WSMT Supported: using WMI commands
Error: No dock attached
Error: No Dock found or cannot communicate to the Dock. Exit the program.

**************************************************
***Dell Get Dock Version started on 8/10/2019 at 12:02:04***
Command: C:\Windows\TEMP\invD787_tmp\TBT_Dock_Firmware\GetDockVer32W.exe /o= ..\TB_Dock_Inv.xml

WSMT Supported: using WMI commands
Error: No dock attached
Error: No Dock found or cannot communicate to the Dock. Exit the program.

**************************************************
***Dell Get Dock Version started on 8/10/2019 at 13:45:35***
Command: C:\Windows\TEMP\inv97FF_tmp_1\TBT_Dock_Firmware\GetDockVer32W.exe /o= ..\TB_Dock_Inv.xml

WSMT Supported: using WMI commands
Error: No dock attached
Error: No Dock found or cannot communicate to the Dock. Exit the program.

**************************************************
***Dell Get Dock Version started on 8/10/2019 at 13:46:43***
Command: C:\Windows\TEMP\invA5E5_tmp_1\TBT_Dock_Firmware\GetDockVer32W.exe /o= ..\TB_Dock_Inv.xml

WSMT Supported: using WMI commands
Error: No dock attached
Error: No Dock found or cannot communicate to the Dock. Exit the program.

**************************************************
***Dell Get Dock Version started on 8/10/2019 at 14:52:00***
Command: C:\Windows\TEMP\inv657D_tmp_1\TBT_Dock_Firmware\GetDockVer32W.exe /o= ..\TB_Dock_Inv.xml

WSMT Supported: using WMI commands
Error: No dock attached
Error: No Dock found or cannot communicate to the Dock. Exit the program.

**************************************************
***Dell Get Dock Version started on 8/10/2019 at 14:55:42***
Command: C:\Windows\TEMP\invC988_tmp_1\TBT_Dock_Firmware\GetDockVer32W.exe /o= ..\TB_Dock_Inv.xml

WSMT Supported: using WMI commands
Error: No dock attached
Error: No Dock found or cannot communicate to the Dock. Exit the program.

**************************************************
***Dell Get Dock Version started on 8/12/2019 at 9:02:29***
Command: C:\Windows\TEMP\inv13BD_tmp\TBT_Dock_Firmware\GetDockVer32W.exe /o= ..\TB_Dock_Inv.xml

WSMT Supported: using WMI commands
Error: No dock attached
Error: No Dock found or cannot communicate to the Dock. Exit the program.

**************************************************
***Dell Get Dock Version started on 8/12/2019 at 9:03:11***
Command: C:\Windows\TEMP\invC088_tmp\TBT_Dock_Firmware\GetDockVer32W.exe /o= ..\TB_Dock_Inv.xml

WSMT Supported: using WMI commands
Error: No dock attached
Error: No Dock found or cannot communicate to the Dock. Exit the program.

**************************************************
***Dell Get Dock Version started on 8/12/2019 at 11:33:55***
Command: C:\Windows\TEMP\invC26D_tmp_1\TBT_Dock_Firmware\GetDockVer32W.exe /o= ..\TB_Dock_Inv.xml

WSMT Supported: using WMI commands
Error: No dock attached
Error: No Dock found or cannot communicate to the Dock. Exit the program.

**************************************************
***Dell Get Dock Version started on 8/14/2019 at 20:37:56***
Command: C:\Windows\TEMP\inv6CAB_tmp\TBT_Dock_Firmware\GetDockVer32W.exe /o= ..\TB_Dock_Inv.xml

WSMT Supported: using WMI commands
Error: No dock attached
Error: No Dock found or cannot communicate to the Dock. Exit the program.

**************************************************
***Dell Get Dock Version started on 8/14/2019 at 20:44:35***
Command: C:\Windows\TEMP\inv7960_tmp\TBT_Dock_Firmware\GetDockVer32W.exe /o= ..\TB_Dock_Inv.xml

WSMT Supported: using WMI commands
Error: No dock attached
Error: No Dock found or cannot communicate to the Dock. Exit the program.

**************************************************
***Dell Get Dock Version started on 8/17/2019 at 11:10:11***
Command: C:\Windows\TEMP\inv9132_tmp\TBT_Dock_Firmware\GetDockVer32W.exe /o= ..\TB_Dock_Inv.xml

WSMT Supported: using WMI commands
Error: No dock attached
Error: No Dock found or cannot communicate to the Dock. Exit the program.

**************************************************
***Dell Get Dock Version started on 8/17/2019 at 11:10:44***
Command: C:\Windows\TEMP\inv1900_tmp\TBT_Dock_Firmware\GetDockVer32W.exe /o= ..\TB_Dock_Inv.xml

WSMT Supported: using WMI commands
Error: No dock attached
Error: No Dock found or cannot communicate to the Dock. Exit the program.

**************************************************
***Dell Get Dock Version started on 8/17/2019 at 11:44:18***
Command: C:\Windows\TEMP\invB3E6_tmp\TBT_Dock_Firmware\GetDockVer32W.exe /o= ..\TB_Dock_Inv.xml

WSMT Supported: using WMI commands
Error: No dock attached
Error: No Dock found or cannot communicate to the Dock. Exit the program.

**************************************************
***Dell Get Dock Version started on 8/17/2019 at 12:44:15***
Command: C:\Windows\TEMP\invB4E4_tmp_1\TBT_Dock_Firmware\GetDockVer32W.exe /o= ..\TB_Dock_Inv.xml

WSMT Supported: using WMI commands
Error: No dock attached
Error: No Dock found or cannot communicate to the Dock. Exit the program.

**************************************************
***Dell Get Dock Version started on 8/17/2019 at 12:49:56***
Command: C:\Windows\TEMP\invEB1F_tmp\TBT_Dock_Firmware\GetDockVer32W.exe /o= ..\TB_Dock_Inv.xml

WSMT Supported: using WMI commands
Error: No dock attached
Error: No Dock found or cannot communicate to the Dock. Exit the program.

**************************************************
***Dell Get Dock Version started on 8/17/2019 at 15:09:38***
Command: C:\Windows\TEMP\invD0E1_tmp\TBT_Dock_Firmware\GetDockVer32W.exe /o= ..\TB_Dock_Inv.xml

WSMT Supported: using WMI commands
Error: No dock attached
Error: No Dock found or cannot communicate to the Dock. Exit the program.

**************************************************
***Dell Get Dock Version started on 8/17/2019 at 19:10:02***
Command: C:\Windows\TEMP\invE630_tmp_1\TBT_Dock_Firmware\GetDockVer32W.exe /o= ..\TB_Dock_Inv.xml

WSMT Supported: using WMI commands
Error: No dock attached
Error: No Dock found or cannot communicate to the Dock. Exit the program.

**************************************************
***Dell Get Dock Version started on 8/17/2019 at 19:11:17***
Command: C:\Windows\TEMP\invFAD_tmp\TBT_Dock_Firmware\GetDockVer32W.exe /o= ..\TB_Dock_Inv.xml

WSMT Supported: using WMI commands
Error: No dock attached
Error: No Dock found or cannot communicate to the Dock. Exit the program.

**************************************************
***Dell Get Dock Version started on 8/23/2019 at 18:23:29***
Command: C:\Windows\TEMP\inv5F40_tmp\TBT_Dock_Firmware\GetDockVer32W.exe /o= ..\TB_Dock_Inv.xml

WSMT Supported: using WMI commands
Error: No dock attached
Error: No Dock found or cannot communicate to the Dock. Exit the program.

**************************************************
***Dell Get Dock Version started on 8/24/2019 at 10:16:21***
Command: C:\Windows\TEMP\invD142_tmp\TBT_Dock_Firmware\GetDockVer32W.exe /o= ..\TB_Dock_Inv.xml

WSMT Supported: using WMI commands
Error: No dock attached
Error: No Dock found or cannot communicate to the Dock. Exit the program.

**************************************************
***Dell Get Dock Version started on 8/24/2019 at 10:43:43***
Command: C:\Windows\TEMP\invCFD1_tmp\TBT_Dock_Firmware\GetDockVer32W.exe /o= ..\TB_Dock_Inv.xml

WSMT Supported: using WMI commands
Error: No dock attached
Error: No Dock found or cannot communicate to the Dock. Exit the program.

**************************************************
***Dell Get Dock Version started on 8/26/2019 at 11:09:36***
Command: C:\Windows\TEMP\invB8E5_tmp\TBT_Dock_Firmware\GetDockVer32W.exe /o= ..\TB_Dock_Inv.xml

WSMT Supported: using WMI commands
Error: No dock attached
Error: No Dock found or cannot communicate to the Dock. Exit the program.

**************************************************
***Dell Get Dock Version started on 8/26/2019 at 11:10:29***
Command: C:\Windows\TEMP\inv9182_tmp_1\TBT_Dock_Firmware\GetDockVer32W.exe /o= ..\TB_Dock_Inv.xml

WSMT Supported: using WMI commands
Error: No dock attached
Error: No Dock found or cannot communicate to the Dock. Exit the program.

**************************************************
***Dell Get Dock Version started on 8/31/2019 at 8:15:33***
Command: C:\Windows\TEMP\invD97B_tmp\TBT_Dock_Firmware\GetDockVer32W.exe /o= ..\TB_Dock_Inv.xml

WSMT Supported: using WMI commands
Error: No dock attached
Error: No Dock found or cannot communicate to the Dock. Exit the program.

**************************************************
***Dell Get Dock Version started on 8/31/2019 at 8:16:24***
Command: C:\Windows\TEMP\invBDD0_tmp_1\TBT_Dock_Firmware\GetDockVer32W.exe /o= ..\TB_Dock_Inv.xml

WSMT Supported: using WMI commands
Error: No dock attached
Error: No Dock found or cannot communicate to the Dock. Exit the program.

**************************************************
***Dell Get Dock Version started on 8/31/2019 at 11:57:32***
Command: C:\Windows\TEMP\inv2E08_tmp\TBT_Dock_Firmware\GetDockVer32W.exe /o= ..\TB_Dock_Inv.xml

WSMT Supported: using WMI commands
Error: No dock attached
Error: No Dock found or cannot communicate to the Dock. Exit the program.

**************************************************
***Dell Get Dock Version started on 9/7/2019 at 18:07:59***
Command: C:\Windows\TEMP\inv5699_tmp\TBT_Dock_Firmware\GetDockVer32W.exe /o= ..\TB_Dock_Inv.xml

WSMT Supported: using WMI commands
Error: No dock attached
Error: No Dock found or cannot communicate to the Dock. Exit the program.

**************************************************
***Dell Get Dock Version started on 9/7/2019 at 18:25:57***
Command: C:\Windows\TEMP\inv3B2F_tmp\TBT_Dock_Firmware\GetDockVer32W.exe /o= ..\TB_Dock_Inv.xml

WSMT Supported: using WMI commands
Error: No dock attached
Error: No Dock found or cannot communicate to the Dock. Exit the program.

**************************************************
***Dell Get Dock Version started on 9/7/2019 at 20:08:01***
Command: C:\Windows\TEMP\invC3F2_tmp\TBT_Dock_Firmware\GetDockVer32W.exe /o= ..\TB_Dock_Inv.xml

WSMT Supported: using WMI commands
Error: No dock attached
Error: No Dock found or cannot communicate to the Dock. Exit the program.

**************************************************
***Dell Get Dock Version started on 9/7/2019 at 22:15:04***
Command: C:\Windows\TEMP\inv1412_tmp\TBT_Dock_Firmware\GetDockVer32W.exe /o= ..\TB_Dock_Inv.xml

WSMT Supported: using WMI commands
Error: No dock attached
Error: No Dock found or cannot communicate to the Dock. Exit the program.

**************************************************
***Dell Get Dock Version started on 9/13/2019 at 12:34:39***
Command: C:\Windows\TEMP\invCE22_tmp\TBT_Dock_Firmware\GetDockVer32W.exe /o= ..\TB_Dock_Inv.xml

WSMT Supported: using WMI commands
Error: No dock attached
Error: No Dock found or cannot communicate to the Dock. Exit the program.

**************************************************
***Dell Get Dock Version started on 9/18/2019 at 21:30:11***
Command: C:\Windows\TEMP\inv4599_tmp\TBT_Dock_Firmware\GetDockVer32W.exe /o= ..\TB_Dock_Inv.xml

WSMT Supported: using WMI commands
Error: No dock attached
Error: No Dock found or cannot communicate to the Dock. Exit the program.

**************************************************
***Dell Get Dock Version started on 9/21/2019 at 18:50:14***
Command: C:\Windows\TEMP\invC988_tmp_1\TBT_Dock_Firmware\GetDockVer32W.exe /o= ..\TB_Dock_Inv.xml

WSMT Supported: using WMI commands
Error: No dock attached
Error: No Dock found or cannot communicate to the Dock. Exit the program.

**************************************************
***Dell Get Dock Version started on 9/22/2019 at 11:09:51***
Command: C:\Windows\TEMP\invC0C3_tmp\TBT_Dock_Firmware\GetDockVer32W.exe /o= ..\TB_Dock_Inv.xml

WSMT Supported: using WMI commands
Error: No dock attached
Error: No Dock found or cannot communicate to the Dock. Exit the program.

**************************************************
***Dell Get Dock Version started on 9/29/2019 at 21:29:30***
Command: C:\Windows\TEMP\inv5A78_tmp\TBT_Dock_Firmware\GetDockVer32W.exe /o= ..\TB_Dock_Inv.xml

WSMT Supported: using WMI commands
Error: No dock attached
Error: No Dock found or cannot communicate to the Dock. Exit the program.

**************************************************
***Dell Get Dock Version started on 9/29/2019 at 22:19:14***
Command: C:\Windows\TEMP\inv186E_tmp\TBT_Dock_Firmware\GetDockVer32W.exe /o= ..\TB_Dock_Inv.xml

WSMT Supported: using WMI commands
Error: No dock attached
Error: No Dock found or cannot communicate to the Dock. Exit the program.

**************************************************
***Dell Get Dock Version started on 10/1/2019 at 22:24:56***
Command: C:\Windows\TEMP\invD519_tmp\TBT_Dock_Firmware\GetDockVer32W.exe /o= ..\TB_Dock_Inv.xml

WSMT Supported: using WMI commands
Error: No dock attached
Error: No Dock found or cannot communicate to the Dock. Exit the program.

**************************************************
***Dell Get Dock Version started on 10/4/2019 at 21:58:09***
Command: C:\Windows\TEMP\inv7758_tmp\TBT_Dock_Firmware\GetDockVer32W.exe /o= ..\TB_Dock_Inv.xml

WSMT Supported: using WMI commands
Error: No dock attached
Error: No Dock found or cannot communicate to the Dock. Exit the program.

**************************************************
***Dell Get Dock Version started on 10/5/2019 at 22:19:59***
Command: C:\Windows\TEMP\invF3ED_tmp\TBT_Dock_Firmware\GetDockVer32W.exe /o= ..\TB_Dock_Inv.xml

WSMT Supported: using WMI commands
Error: No dock attached
Error: No Dock found or cannot communicate to the Dock. Exit the program.

**************************************************
***Dell Get Dock Version started on 10/6/2019 at 22:56:29***
Command: C:\Windows\TEMP\invBACC_tmp_1\TBT_Dock_Firmware\GetDockVer32W.exe /o= ..\TB_Dock_Inv.xml

WSMT Supported: using WMI commands
Error: No dock attached
Error: No Dock found or cannot communicate to the Dock. Exit the program.

**************************************************
***Dell Get Dock Version started on 10/12/2019 at 18:43:17***
Command: C:\Windows\TEMP\inv1936_tmp\TBT_Dock_Firmware\GetDockVer32W.exe /o= ..\TB_Dock_Inv.xml

WSMT Supported: using WMI commands
Error: No dock attached
Error: No Dock found or cannot communicate to the Dock. Exit the program.

**************************************************
***Dell Get Dock Version started on 10/19/2019 at 16:49:16***
Command: C:\Windows\TEMP\inv94E5_tmp\TBT_Dock_Firmware\GetDockVer32W.exe /o= ..\TB_Dock_Inv.xml

WSMT Supported: using WMI commands
Error: No dock attached
Error: No Dock found or cannot communicate to the Dock. Exit the program.

**************************************************
***Dell Get Dock Version started on 10/19/2019 at 19:05:29***
Command: C:\Windows\TEMP\inv5451_tmp\TBT_Dock_Firmware\GetDockVer32W.exe /o= ..\TB_Dock_Inv.xml

WSMT Supported: using WMI commands
Error: No dock attached
Error: No Dock found or cannot communicate to the Dock. Exit the program.

**************************************************
***Dell Get Dock Version started on 10/26/2019 at 20:58:38***
Command: C:\Windows\TEMP\inv80D1_tmp\TBT_Dock_Firmware\GetDockVer32W.exe /o= ..\TB_Dock_Inv.xml

WSMT Supported: using WMI commands
Error: No dock attached
Error: No Dock found or cannot communicate to the Dock. Exit the program.

**************************************************
***Dell Get Dock Version started on 10/26/2019 at 21:06:50***
Command: C:\Windows\TEMP\inv4E4_tmp\TBT_Dock_Firmware\GetDockVer32W.exe /o= ..\TB_Dock_Inv.xml

WSMT Supported: using WMI commands
Error: No dock attached
Error: No Dock found or cannot communicate to the Dock. Exit the program.

**************************************************
***Dell Get Dock Version started on 11/2/2019 at 18:11:52***
Command: C:\Windows\TEMP\inv80EF_tmp\TBT_Dock_Firmware\GetDockVer32W.exe /o= ..\TB_Dock_Inv.xml

WSMT Supported: using WMI commands
Error: No dock attached
Error: No Dock found or cannot communicate to the Dock. Exit the program.

**************************************************
***Dell Get Dock Version started on 11/2/2019 at 20:47:45***
Command: C:\Windows\TEMP\invD3DB_tmp\TBT_Dock_Firmware\GetDockVer32W.exe /o= ..\TB_Dock_Inv.xml

WSMT Supported: using WMI commands
Error: No dock attached
Error: No Dock found or cannot communicate to the Dock. Exit the program.

**************************************************
***Dell Get Dock Version started on 11/3/2019 at 11:10:42***
Command: C:\Windows\TEMP\invDCBE_tmp\TBT_Dock_Firmware\GetDockVer32W.exe /o= ..\TB_Dock_Inv.xml

WSMT Supported: using WMI commands
Error: No dock attached
Error: No Dock found or cannot communicate to the Dock. Exit the program.

**************************************************
***Dell Get Dock Version started on 11/9/2019 at 18:23:08***
Command: C:\WINDOWS\TEMP\inv12B_tmp\TBT_Dock_Firmware\GetDockVer32W.exe /o= ..\TB_Dock_Inv.xml

WSMT Supported: using WMI commands
Error: No dock attached
Error: No Dock found or cannot communicate to the Dock. Exit the program.

**************************************************
***Dell Get Dock Version started on 11/10/2019 at 9:09:16***
Command: C:\WINDOWS\TEMP\inv370B_tmp\TBT_Dock_Firmware\GetDockVer32W.exe /o= ..\TB_Dock_Inv.xml

WSMT Supported: using WMI commands
Error: No dock attached
Error: No Dock found or cannot communicate to the Dock. Exit the program.

**************************************************
***Dell Get Dock Version started on 11/23/2019 at 8:12:58***
Command: C:\WINDOWS\TEMP\inv5634_tmp_1\TBT_Dock_Firmware\GetDockVer32W.exe /o= ..\TB_Dock_Inv.xml

WSMT Supported: using WMI commands
Error: No dock attached
Error: No Dock found or cannot communicate to the Dock. Exit the program.

**************************************************
***Dell Get Dock Version started on 11/24/2019 at 11:09:42***
Command: C:\WINDOWS\TEMP\inv5B40_tmp\TBT_Dock_Firmware\GetDockVer32W.exe /o= ..\TB_Dock_Inv.xml

WSMT Supported: using WMI commands
Error: No dock attached
Error: No Dock found or cannot communicate to the Dock. Exit the program.

**************************************************
***Dell Get Dock Version started on 11/30/2019 at 12:31:57***
Command: C:\WINDOWS\TEMP\invCF14_tmp_1\TBT_Dock_Firmware\GetDockVer32W.exe /o= ..\TB_Dock_Inv.xml

WSMT Supported: using WMI commands
Error: No dock attached
Error: No Dock found or cannot communicate to the Dock. Exit the program.

**************************************************
***Dell Get Dock Version started on 12/1/2019 at 22:27:12***
Command: C:\WINDOWS\TEMP\inv2E45_tmp\TBT_Dock_Firmware\GetDockVer32W.exe /o= ..\TB_Dock_Inv.xml

WSMT Supported: using WMI commands
Error: No dock attached
Error: No Dock found or cannot communicate to the Dock. Exit the program.

**************************************************
***Dell Get Dock Version started on 12/3/2019 at 21:20:56***
Command: C:\WINDOWS\TEMP\inv3C7C_tmp\TBT_Dock_Firmware\GetDockVer32W.exe /o= ..\TB_Dock_Inv.xml

WSMT Supported: using WMI commands
Error: No dock attached
Error: No Dock found or cannot communicate to the Dock. Exit the program.

**************************************************
***Dell Get Dock Version started on 12/4/2019 at 22:19:19***
Command: C:\WINDOWS\TEMP\invA4F_tmp\TBT_Dock_Firmware\GetDockVer32W.exe /o= ..\TB_Dock_Inv.xml

WSMT Supported: using WMI commands
Error: No dock attached
Error: No Dock found or cannot communicate to the Dock. Exit the program.

**************************************************
***Dell Get Dock Version started on 12/6/2019 at 21:17:51***
Command: C:\WINDOWS\TEMP\inv7374_tmp\TBT_Dock_Firmware\GetDockVer32W.exe /o= ..\TB_Dock_Inv.xml

WSMT Supported: using WMI commands
Error: No dock attached
Error: No Dock found or cannot communicate to the Dock. Exit the program.

**************************************************
***Dell Get Dock Version started on 12/7/2019 at 22:19:24***
Command: C:\WINDOWS\TEMP\inv308F_tmp\TBT_Dock_Firmware\GetDockVer32W.exe /o= ..\TB_Dock_Inv.xml

WSMT Supported: using WMI commands
Error: No dock attached
Error: No Dock found or cannot communicate to the Dock. Exit the program.

**************************************************
***Dell Get Dock Version started on 12/9/2019 at 21:18:15***
Command: C:\WINDOWS\TEMP\invD527_tmp\TBT_Dock_Firmware\GetDockVer32W.exe /o= ..\TB_Dock_Inv.xml

WSMT Supported: using WMI commands
Error: No dock attached
Error: No Dock found or cannot communicate to the Dock. Exit the program.

**************************************************
***Dell Get Dock Version started on 12/10/2019 at 21:55:41***
Command: C:\WINDOWS\TEMP\inv9634_tmp\TBT_Dock_Firmware\GetDockVer32W.exe /o= ..\TB_Dock_Inv.xml

WSMT Supported: using WMI commands
Error: No dock attached
Error: No Dock found or cannot communicate to the Dock. Exit the program.

**************************************************
***Dell Get Dock Version started on 12/11/2019 at 21:19:54***
Command: C:\WINDOWS\TEMP\inv9F43_tmp\TBT_Dock_Firmware\GetDockVer32W.exe /o= ..\TB_Dock_Inv.xml

WSMT Supported: using WMI commands
Error: No dock attached
Error: No Dock found or cannot communicate to the Dock. Exit the program.

**************************************************
***Dell Get Dock Version started on 12/11/2019 at 21:23:06***
Command: C:\WINDOWS\TEMP\inv8505_tmp\TBT_Dock_Firmware\GetDockVer32W.exe /o= ..\TB_Dock_Inv.xml

WSMT Supported: using WMI commands
Error: No dock attached
Error: No Dock found or cannot communicate to the Dock. Exit the program.

**************************************************
***Dell Get Dock Version started on 12/12/2019 at 21:16:56***
Command: C:\WINDOWS\TEMP\inv3973_tmp\TBT_Dock_Firmware\GetDockVer32W.exe /o= ..\TB_Dock_Inv.xml

WSMT Supported: using WMI commands
Error: No dock attached
Error: No Dock found or cannot communicate to the Dock. Exit the program.

**************************************************
***Dell Get Dock Version started on 12/13/2019 at 22:18:49***
Command: C:\WINDOWS\TEMP\inv6820_tmp\TBT_Dock_Firmware\GetDockVer32W.exe /o= ..\TB_Dock_Inv.xml

WSMT Supported: using WMI commands
Error: No dock attached
Error: No Dock found or cannot communicate to the Dock. Exit the program.

**************************************************
***Dell Get Dock Version started on 12/15/2019 at 11:09:29***
Command: C:\WINDOWS\TEMP\inv5D6D_tmp\TBT_Dock_Firmware\GetDockVer32W.exe /o= ..\TB_Dock_Inv.xml

WSMT Supported: using WMI commands
Error: No dock attached
Error: No Dock found or cannot communicate to the Dock. Exit the program.

**************************************************
***Dell Get Dock Version started on 12/16/2019 at 22:19:23***
Command: C:\WINDOWS\TEMP\inv8FE_tmp\TBT_Dock_Firmware\GetDockVer32W.exe /o= ..\TB_Dock_Inv.xml

WSMT Supported: using WMI commands
Error: No dock attached
Error: No Dock found or cannot communicate to the Dock. Exit the program.

**************************************************
***Dell Get Dock Version started on 12/18/2019 at 21:19:14***
Command: C:\WINDOWS\TEMP\invA796_tmp\TBT_Dock_Firmware\GetDockVer32W.exe /o= ..\TB_Dock_Inv.xml

WSMT Supported: using WMI commands
Error: No dock attached
Error: No Dock found or cannot communicate to the Dock. Exit the program.

**************************************************
***Dell Get Dock Version started on 12/19/2019 at 22:19:29***
Command: C:\WINDOWS\TEMP\inv3941_tmp\TBT_Dock_Firmware\GetDockVer32W.exe /o= ..\TB_Dock_Inv.xml

WSMT Supported: using WMI commands
Error: No dock attached
Error: No Dock found or cannot communicate to the Dock. Exit the program.

**************************************************
***Dell Get Dock Version started on 12/21/2019 at 18:43:17***
Command: C:\WINDOWS\TEMP\invF24D_tmp\TBT_Dock_Firmware\GetDockVer32W.exe /o= ..\TB_Dock_Inv.xml

WSMT Supported: using WMI commands
Error: No dock attached
Error: No Dock found or cannot communicate to the Dock. Exit the program.

**************************************************
***Dell Get Dock Version started on 12/22/2019 at 22:19:23***
Command: C:\WINDOWS\TEMP\inv360F_tmp\TBT_Dock_Firmware\GetDockVer32W.exe /o= ..\TB_Dock_Inv.xml

WSMT Supported: using WMI commands
Error: No dock attached
Error: No Dock found or cannot communicate to the Dock. Exit the program.

**************************************************
***Dell Get Dock Version started on 12/24/2019 at 21:25:03***
Command: C:\WINDOWS\TEMP\inv1E98_tmp_1\TBT_Dock_Firmware\GetDockVer32W.exe /o= ..\TB_Dock_Inv.xml

WSMT Supported: using WMI commands
Error: No dock attached
Error: No Dock found or cannot communicate to the Dock. Exit the program.

**************************************************
***Dell Get Dock Version started on 12/25/2019 at 22:30:26***
Command: C:\WINDOWS\TEMP\inv5C4F_tmp\TBT_Dock_Firmware\GetDockVer32W.exe /o= ..\TB_Dock_Inv.xml

WSMT Supported: using WMI commands
Error: No dock attached
Error: No Dock found or cannot communicate to the Dock. Exit the program.

**************************************************
***Dell Get Dock Version started on 12/28/2019 at 11:56:32***
Command: C:\WINDOWS\TEMP\inv1003_tmp\TBT_Dock_Firmware\GetDockVer32W.exe /o= ..\TB_Dock_Inv.xml

WSMT Supported: using WMI commands
Error: No dock attached
Error: No Dock found or cannot communicate to the Dock. Exit the program.

**************************************************
***Dell Get Dock Version started on 12/28/2019 at 22:19:32***
Command: C:\WINDOWS\TEMP\inv8DF9_tmp\TBT_Dock_Firmware\GetDockVer32W.exe /o= ..\TB_Dock_Inv.xml

WSMT Supported: using WMI commands
Error: No dock attached
Error: No Dock found or cannot communicate to the Dock. Exit the program.

**************************************************
***Dell Get Dock Version started on 12/31/2019 at 15:22:52***
Command: C:\WINDOWS\TEMP\invBC1_tmp\TBT_Dock_Firmware\GetDockVer32W.exe /o= ..\TB_Dock_Inv.xml

WSMT Supported: using WMI commands
Error: No dock attached
Error: No Dock found or cannot communicate to the Dock. Exit the program.

**************************************************
***Dell Get Dock Version started on 12/31/2019 at 16:15:58***
Command: C:\WINDOWS\TEMP\inv5308_tmp_1\TBT_Dock_Firmware\GetDockVer32W.exe /o= ..\TB_Dock_Inv.xml

WSMT Supported: using WMI commands
Error: No dock attached
Error: No Dock found or cannot communicate to the Dock. Exit the program.

**************************************************
***Dell Get Dock Version started on 12/31/2019 at 19:14:19***
Command: C:\WINDOWS\TEMP\inv9CBA_tmp\TBT_Dock_Firmware\GetDockVer32W.exe /o= ..\TB_Dock_Inv.xml

WSMT Supported: using WMI commands
Error: No dock attached
Error: No Dock found or cannot communicate to the Dock. Exit the program.

**************************************************
***Dell Get Dock Version started on 12/31/2019 at 22:19:36***
Command: C:\WINDOWS\TEMP\inv3D2A_tmp\TBT_Dock_Firmware\GetDockVer32W.exe /o= ..\TB_Dock_Inv.xml

WSMT Supported: using WMI commands
Error: No dock attached
Error: No Dock found or cannot communicate to the Dock. Exit the program.

**************************************************
***Dell Get Dock Version started on 1/5/2020 at 16:43:17***
Command: C:\WINDOWS\TEMP\invC03_tmp\TBT_Dock_Firmware\GetDockVer32W.exe /o= ..\TB_Dock_Inv.xml

WSMT Supported: using WMI commands
Error: No dock attached
Error: No Dock found or cannot communicate to the Dock. Exit the program.

**************************************************
***Dell Get Dock Version started on 1/6/2020 at 22:19:16***
Command: C:\WINDOWS\TEMP\inv24C6_tmp\TBT_Dock_Firmware\GetDockVer32W.exe /o= ..\TB_Dock_Inv.xml

WSMT Supported: using WMI commands
Error: No dock attached
Error: No Dock found or cannot communicate to the Dock. Exit the program.

**************************************************
***Dell Get Dock Version started on 1/7/2020 at 22:01:35***
Command: C:\WINDOWS\TEMP\inv4C08_tmp\TBT_Dock_Firmware\GetDockVer32W.exe /o= ..\TB_Dock_Inv.xml

WSMT Supported: using WMI commands
Error: No dock attached
Error: No Dock found or cannot communicate to the Dock. Exit the program.

**************************************************
***Dell Get Dock Version started on 1/8/2020 at 11:10:08***
Command: C:\WINDOWS\TEMP\inv40A6_tmp_1\TBT_Dock_Firmware\GetDockVer32W.exe /o= ..\TB_Dock_Inv.xml

WSMT Supported: using WMI commands
Error: No dock attached
Error: No Dock found or cannot communicate to the Dock. Exit the program.

**************************************************
***Dell Get Dock Version started on 1/8/2020 at 12:45:35***
Command: C:\WINDOWS\TEMP\invB101_tmp_1\TBT_Dock_Firmware\GetDockVer32W.exe /o= ..\TB_Dock_Inv.xml

WSMT Supported: using WMI commands
Error: No dock attached
Error: No Dock found or cannot communicate to the Dock. Exit the program.

**************************************************
***Dell Get Dock Version started on 1/8/2020 at 21:21:25***
Command: C:\WINDOWS\TEMP\inv4C12_tmp\TBT_Dock_Firmware\GetDockVer32W.exe /o= ..\TB_Dock_Inv.xml

WSMT Supported: using WMI commands
Error: No dock attached
Error: No Dock found or cannot communicate to the Dock. Exit the program.

**************************************************
***Dell Get Dock Version started on 1/9/2020 at 21:14:12***
Command: C:\WINDOWS\TEMP\invDD0F_tmp\TBT_Dock_Firmware\GetDockVer32W.exe /o= ..\TB_Dock_Inv.xml

WSMT Supported: using WMI commands
Error: No dock attached
Error: No Dock found or cannot communicate to the Dock. Exit the program.

**************************************************
***Dell Get Dock Version started on 1/9/2020 at 22:18:59***
Command: C:\WINDOWS\TEMP\inv6059_tmp\TBT_Dock_Firmware\GetDockVer32W.exe /o= ..\TB_Dock_Inv.xml

WSMT Supported: using WMI commands
Error: No dock attached
Error: No Dock found or cannot communicate to the Dock. Exit the program.

**************************************************
***Dell Get Dock Version started on 1/12/2020 at 22:19:07***
Command: C:\WINDOWS\TEMP\inv8C56_tmp\TBT_Dock_Firmware\GetDockVer32W.exe /o= ..\TB_Dock_Inv.xml

WSMT Supported: using WMI commands
Error: No dock attached
Error: No Dock found or cannot communicate to the Dock. Exit the program.

**************************************************
***Dell Get Dock Version started on 1/14/2020 at 11:09:41***
Command: C:\WINDOWS\TEMP\inv5812_tmp\TBT_Dock_Firmware\GetDockVer32W.exe /o= ..\TB_Dock_Inv.xml

WSMT Supported: using WMI commands
Error: No dock attached
Error: No Dock found or cannot communicate to the Dock. Exit the program.

**************************************************
***Dell Get Dock Version started on 1/15/2020 at 19:35:35***
Command: C:\WINDOWS\TEMP\inv9F08_tmp\TBT_Dock_Firmware\GetDockVer32W.exe /o= ..\TB_Dock_Inv.xml

WSMT Supported: using WMI commands
Error: No dock attached
Error: No Dock found or cannot communicate to the Dock. Exit the program.

**************************************************
***Dell Get Dock Version started on 1/15/2020 at 22:19:22***
Command: C:\WINDOWS\TEMP\inv9D3_tmp_1\TBT_Dock_Firmware\GetDockVer32W.exe /o= ..\TB_Dock_Inv.xml

WSMT Supported: using WMI commands
Error: No dock attached
Error: No Dock found or cannot communicate to the Dock. Exit the program.

**************************************************
***Dell Get Dock Version started on 1/16/2020 at 17:00:15***
Command: C:\WINDOWS\TEMP\inv47F7_tmp\TBT_Dock_Firmware\GetDockVer32W.exe /o= ..\TB_Dock_Inv.xml

WSMT Supported: using WMI commands
Error: No dock attached
Error: No Dock found or cannot communicate to the Dock. Exit the program.

**************************************************
***Dell Get Dock Version started on 1/17/2020 at 11:10:13***
Command: C:\WINDOWS\TEMP\inv2D54_tmp\TBT_Dock_Firmware\GetDockVer32W.exe /o= ..\TB_Dock_Inv.xml

WSMT Supported: using WMI commands
Error: No dock attached
Error: No Dock found or cannot communicate to the Dock. Exit the program.

**************************************************
***Dell Get Dock Version started on 1/18/2020 at 13:02:48***
Command: C:\WINDOWS\TEMP\inv54AE_tmp\TBT_Dock_Firmware\GetDockVer32W.exe /o= ..\TB_Dock_Inv.xml

WSMT Supported: using WMI commands
Error: No dock attached
Error: No Dock found or cannot communicate to the Dock. Exit the program.

**************************************************
***Dell Get Dock Version started on 1/18/2020 at 13:37:12***
Command: C:\WINDOWS\TEMP\inv4C03_tmp\TBT_Dock_Firmware\GetDockVer32W.exe /o= ..\TB_Dock_Inv.xml

WSMT Supported: using WMI commands
Error: No dock attached
Error: No Dock found or cannot communicate to the Dock. Exit the program.

**************************************************
***Dell Get Dock Version started on 1/18/2020 at 17:15:31***
Command: C:\WINDOWS\TEMP\inv812C_tmp\TBT_Dock_Firmware\GetDockVer32W.exe /o= ..\TB_Dock_Inv.xml

WSMT Supported: using WMI commands
Error: No dock attached
Error: No Dock found or cannot communicate to the Dock. Exit the program.

**************************************************
***Dell Get Dock Version started on 1/18/2020 at 22:18:48***
Command: C:\WINDOWS\TEMP\inv3E7E_tmp\TBT_Dock_Firmware\GetDockVer32W.exe /o= ..\TB_Dock_Inv.xml

WSMT Supported: using WMI commands
Error: No dock attached
Error: No Dock found or cannot communicate to the Dock. Exit the program.

**************************************************
***Dell Get Dock Version started on 1/20/2020 at 11:09:56***
Command: C:\WINDOWS\TEMP\inv9767_tmp\TBT_Dock_Firmware\GetDockVer32W.exe /o= ..\TB_Dock_Inv.xml

WSMT Supported: using WMI commands
Error: No dock attached
Error: No Dock found or cannot communicate to the Dock. Exit the program.

**************************************************
***Dell Get Dock Version started on 1/21/2020 at 19:58:50***
Command: C:\WINDOWS\TEMP\inv287E_tmp\TBT_Dock_Firmware\GetDockVer32W.exe /o= ..\TB_Dock_Inv.xml

WSMT Supported: using WMI commands
Error: No dock attached
Error: No Dock found or cannot communicate to the Dock. Exit the program.

**************************************************
***Dell Get Dock Version started on 1/21/2020 at 22:19:34***
Command: C:\WINDOWS\TEMP\inv802_tmp\TBT_Dock_Firmware\GetDockVer32W.exe /o= ..\TB_Dock_Inv.xml

WSMT Supported: using WMI commands
Error: No dock attached
Error: No Dock found or cannot communicate to the Dock. Exit the program.

**************************************************
***Dell Get Dock Version started on 1/22/2020 at 14:43:07***
Command: C:\WINDOWS\TEMP\inv5BC2_tmp\TBT_Dock_Firmware\GetDockVer32W.exe /o= ..\TB_Dock_Inv.xml

WSMT Supported: using WMI commands
Error: No dock attached
Error: No Dock found or cannot communicate to the Dock. Exit the program.

**************************************************
***Dell Get Dock Version started on 1/23/2020 at 11:09:23***
Command: C:\WINDOWS\TEMP\invA31_tmp\TBT_Dock_Firmware\GetDockVer32W.exe /o= ..\TB_Dock_Inv.xml

WSMT Supported: using WMI commands
Error: No dock attached
Error: No Dock found or cannot communicate to the Dock. Exit the program.

**************************************************
***Dell Get Dock Version started on 1/24/2020 at 22:19:18***
Command: C:\WINDOWS\TEMP\invB7C6_tmp\TBT_Dock_Firmware\GetDockVer32W.exe /o= ..\TB_Dock_Inv.xml

WSMT Supported: using WMI commands
Error: No dock attached
Error: No Dock found or cannot communicate to the Dock. Exit the program.

**************************************************
***Dell Get Dock Version started on 1/26/2020 at 11:10:00***
Command: C:\WINDOWS\TEMP\invA582_tmp\TBT_Dock_Firmware\GetDockVer32W.exe /o= ..\TB_Dock_Inv.xml

WSMT Supported: using WMI commands
Error: No dock attached
Error: No Dock found or cannot communicate to the Dock. Exit the program.

**************************************************
***Dell Get Dock Version started on 1/26/2020 at 22:19:36***
Command: C:\WINDOWS\TEMP\invBAF8_tmp\TBT_Dock_Firmware\GetDockVer32W.exe /o= ..\TB_Dock_Inv.xml

WSMT Supported: using WMI commands
Error: No dock attached
Error: No Dock found or cannot communicate to the Dock. Exit the program.

**************************************************
***Dell Get Dock Version started on 1/27/2020 at 22:19:33***
Command: C:\WINDOWS\TEMP\invF18_tmp_1\TBT_Dock_Firmware\GetDockVer32W.exe /o= ..\TB_Dock_Inv.xml

WSMT Supported: using WMI commands
Error: No dock attached
Error: No Dock found or cannot communicate to the Dock. Exit the program.

**************************************************
***Dell Get Dock Version started on 1/28/2020 at 20:02:51***
Command: C:\WINDOWS\TEMP\inv431E_tmp\TBT_Dock_Firmware\GetDockVer32W.exe /o= ..\TB_Dock_Inv.xml

WSMT Supported: using WMI commands
Error: No dock attached
Error: No Dock found or cannot communicate to the Dock. Exit the program.

**************************************************
***Dell Get Dock Version started on 1/29/2020 at 11:09:24***
Command: C:\WINDOWS\TEMP\inv3E47_tmp\TBT_Dock_Firmware\GetDockVer32W.exe /o= ..\TB_Dock_Inv.xml

WSMT Supported: using WMI commands
Error: No dock attached
Error: No Dock found or cannot communicate to the Dock. Exit the program.

**************************************************
***Dell Get Dock Version started on 1/30/2020 at 22:19:37***
Command: C:\WINDOWS\TEMP\inv375C_tmp\TBT_Dock_Firmware\GetDockVer32W.exe /o= ..\TB_Dock_Inv.xml

WSMT Supported: using WMI commands
Error: No dock attached
Error: No Dock found or cannot communicate to the Dock. Exit the program.

**************************************************
***Dell Get Dock Version started on 1/31/2020 at 9:33:49***
Command: C:\WINDOWS\TEMP\inv8207_tmp\TBT_Dock_Firmware\GetDockVer32W.exe /o= ..\TB_Dock_Inv.xml

WSMT Supported: using WMI commands
Error: No dock attached
Error: No Dock found or cannot communicate to the Dock. Exit the program.

**************************************************
***Dell Get Dock Version started on 2/1/2020 at 11:09:47***
Command: C:\WINDOWS\TEMP\invDE0B_tmp\TBT_Dock_Firmware\GetDockVer32W.exe /o= ..\TB_Dock_Inv.xml

WSMT Supported: using WMI commands
Error: No dock attached
Error: No Dock found or cannot communicate to the Dock. Exit the program.

**************************************************
***Dell Get Dock Version started on 2/1/2020 at 14:21:50***
Command: C:\WINDOWS\TEMP\inv63C1_tmp\TBT_Dock_Firmware\GetDockVer32W.exe /o= ..\TB_Dock_Inv.xml

WSMT Supported: using WMI commands
Error: No dock attached
Error: No Dock found or cannot communicate to the Dock. Exit the program.

**************************************************
***Dell Get Dock Version started on 2/2/2020 at 22:18:56***
Command: C:\WINDOWS\TEMP\inv9DDE_tmp\TBT_Dock_Firmware\GetDockVer32W.exe /o= ..\TB_Dock_Inv.xml

WSMT Supported: using WMI commands
Error: No dock attached
Error: No Dock found or cannot communicate to the Dock. Exit the program.

**************************************************
***Dell Get Dock Version started on 2/4/2020 at 19:16:49***
Command: C:\WINDOWS\TEMP\inv1A01_tmp\TBT_Dock_Firmware\GetDockVer32W.exe /o= ..\TB_Dock_Inv.xml

WSMT Supported: using WMI commands
Error: No dock attached
Error: No Dock found or cannot communicate to the Dock. Exit the program.

**************************************************
***Dell Get Dock Version started on 2/11/2020 at 19:28:58***
Command: C:\WINDOWS\TEMP\invBED2_tmp\TBT_Dock_Firmware\GetDockVer32W.exe /o= ..\TB_Dock_Inv.xml

WSMT Supported: using WMI commands
Error: No dock attached
Error: No Dock found or cannot communicate to the Dock. Exit the program.

**************************************************
***Dell Get Dock Version started on 2/13/2020 at 7:19:16***
Command: C:\WINDOWS\TEMP\inv4E16_tmp\TBT_Dock_Firmware\GetDockVer32W.exe /o= ..\TB_Dock_Inv.xml

WSMT Supported: using WMI commands
Error: No dock attached
Error: No Dock found or cannot communicate to the Dock. Exit the program.

**************************************************
***Dell Get Dock Version started on 2/13/2020 at 11:09:46***
Command: C:\WINDOWS\TEMP\inv525A_tmp\TBT_Dock_Firmware\GetDockVer32W.exe /o= ..\TB_Dock_Inv.xml

WSMT Supported: using WMI commands
Error: No dock attached
Error: No Dock found or cannot communicate to the Dock. Exit the program.
